debug_font.obj : error LNK2019: D3DXCreateFontA"void __cdecl DebugFont_Initialize(void)" (?DebugFont_Initialize@@YAXXZ) 함수에서 참조되는 확인할 수 없는 외부 기호
Enemy_Bullet.obj : error LNK2019: D3DXVec2Normalize"void __cdecl Enemy_Bullet_create(float,float)" (?Enemy_Bullet_create@@YAXMM@Z) 함수에서 참조되는 확인할 수 없는 외부 기호
player.obj : error LNK2001: 확인할 수 없는 외부 기호 D3DXVec2Normalize
input.obj : error LNK2019: DirectInput8Create"bool __cdecl initialize(struct HINSTANCE__ *)" (?initialize@@YA_NPEAUHINSTANCE__@@@Z) 함수에서 참조되는 확인할 수 없는 외부 기호
Mouse.obj : error LNK2001: 확인할 수 없는 외부 기호 DirectInput8Create
input.obj : error LNK2001: 확인할 수 없는 외부 기호 IID_IDirectInput8A
Mouse.obj : error LNK2001: 확인할 수 없는 외부 기호 IID_IDirectInput8A
input.obj : error LNK2001: 확인할 수 없는 외부 기호 GUID_SysKeyboard
input.obj : error LNK2001: 확인할 수 없는 외부 기호 c_dfDIKeyboard
Mouse.obj : error LNK2001: 확인할 수 없는 외부 기호 GUID_SysMouse
Mouse.obj : error LNK2001: 확인할 수 없는 외부 기호 c_dfDIMouse2
mydirect3d.obj : error LNK2019: Direct3DCreate9"bool __cdecl MyDirect3D_Init(struct HWND__ *)" (?MyDirect3D_Init@@YA_NPEAUHWND__@@@Z) 함수에서 참조되는 확인할 수 없는 외부 기호
sprite.obj : error LNK2019: D3DXVec4Transform"void __cdecl Draw_MiddleStandard(int,float,float,float,float,int,float)" (?Draw_MiddleStandard@@YAXHMMMMHM@Z) 함수에서 참조되는 확인할 수 없는 외부 기호
sprite.obj : error LNK2019: D3DXMatrixMultiply"public: struct D3DXMATRIX __cdecl D3DXMATRIX::operator*(struct D3DXMATRIX const &)const " (??DD3DXMATRIX@@QEBA?AU0@AEBU0@@Z) 함수에서 참조되는 확인할 수 없는 외부 기호
sprite.obj : error LNK2019: D3DXMatrixScaling"void __cdecl Draw_MiddleStandard(int,float,float,float,float,int,float)" (?Draw_MiddleStandard@@YAXHMMMMHM@Z) 함수에서 참조되는 확인할 수 없는 외부 기호
sprite.obj : error LNK2019: D3DXMatrixTranslation"void __cdecl Draw_MiddleStandard(int,float,float,float,float,int,float)" (?Draw_MiddleStandard@@YAXHMMMMHM@Z) 함수에서 참조되는 확인할 수 없는 외부 기호
sprite.obj : error LNK2019: D3DXMatrixRotationZ"void __cdecl Draw_MiddleStandard(int,float,float,float,float,int,float)" (?Draw_MiddleStandard@@YAXHMMMMHM@Z) 함수에서 참조되는 확인할 수 없는 외부 기호
texture.obj : error LNK2019: D3DXCreateTextureFromFileA"public: void __cdecl tag_Texture::Load(struct HWND__ *)" (?Load@tag_Texture@@QEAAXPEAUHWND__@@@Z) 함수에서 참조되는 확인할 수 없는 외부 기호
MSVCRTD.lib(exe_main.obj) : error LNK2019: main"int __cdecl invoke_main(void)" (?invoke_main@@YAHXZ) 함수에서 참조되는 확인할 수 없는 외부 기호
C:\Program Files (x86)\Microsoft DirectX SDK (June 2010)\Lib\x86\d3dx9.lib : warning LNK4272: 'x86' 라이브러리 컴퓨터 종류가 'x64' 대상 컴퓨터 종류와 충돌합니다.
C:\Program Files (x86)\Microsoft DirectX SDK (June 2010)\Lib\x86\d3d9.lib : warning LNK4272: 'x86' 라이브러리 컴퓨터 종류가 'x64' 대상 컴퓨터 종류와 충돌합니다.
C:\Program Files (x86)\Microsoft DirectX SDK (June 2010)\Lib\x86\d3dx9d.lib : warning LNK4272: 'x86' 라이브러리 컴퓨터 종류가 'x64' 대상 컴퓨터 종류와 충돌합니다.
C:\Users\admin\source\repos\ShootingGame\x64\Debug\ShootingGame.exe : fatal error LNK1120: 16개의 확인할 수 없는 외부 참조입니다.
